<?xml version="1.0" encoding="UTF-8"?>
<testsuite xmlns:xsi="http://www.w3.org/2001/XMLSchema-instance" xsi:noNamespaceSchemaLocation="https://maven.apache.org/surefire/maven-surefire-plugin/xsd/surefire-test-report.xsd" version="3.0.2" name="com.example.parcialproyectoclub.ParcialProyectoClubApplicationTests" time="5.506" tests="1" errors="0" skipped="0" failures="0" flakes="0">
  <properties>
[...]
</properties>
  <testcase name="contextLoads" classname="com.example.parcialproyectoclub.ParcialProyectoClubApplicationTests" time="0.382">
    <system-out><![CDATA[19:53:23.780 [main] INFO org.springframework.test.context.support.AnnotationConfigContextLoaderUtils -- Could not detect default configuration classes for test class [com.example.parcialproyectoclub.ParcialProyectoClubApplicationTests]: ParcialProyectoClubApplicationTests does not declare any static, non-private, non-final, nested classes annotated with @Configuration.
19:53:23.896 [main] INFO org.springframework.boot.test.context.SpringBootTestContextBootstrapper -- Found @SpringBootConfiguration com.example.parcialproyectoclub.ParcialProyectoClubApplication for test class com.example.parcialproyectoclub.ParcialProyectoClubApplicationTests
19:53:24.049 [main] INFO org.springframework.boot.devtools.restart.RestartApplicationListener -- Restart disabled due to context in which it is running

  .   ____          _            __ _ _
 /\\ / ___'_ __ _ _(_)_ __  __ _ \ \ \ \
( ( )\___ | '_ | '_| | '_ \/ _` | \ \ \ \
 \\/  ___)| |_)| | | | | || (_| |  ) ) ) )
  '  |____| .__|_| |_|_| |_\__, | / / / /
 =========|_|==============|___/=/_/_/_/

 :: Spring Boot ::               (v3.5.13)

2026-05-19T19:53:24.367-05:00  INFO 5620 --- [           main] .e.p.ParcialProyectoClubApplicationTests : Starting ParcialProyectoClubApplicationTests using Java 25.0.2 with PID 5620 (started by LANIX in C:\Users\LANIX\IdeaProjects\parcial-proyecto-club)
2026-05-19T19:53:24.368-05:00  INFO 5620 --- [           main] .e.p.ParcialProyectoClubApplicationTests : The following 1 profile is active: "dev"
2026-05-19T19:53:25.285-05:00  INFO 5620 --- [           main] .s.d.r.c.RepositoryConfigurationDelegate : Bootstrapping Spring Data JPA repositories in DEFAULT mode.
2026-05-19T19:53:25.350-05:00  INFO 5620 --- [           main] .s.d.r.c.RepositoryConfigurationDelegate : Finished Spring Data repository scanning in 50 ms. Found 2 JPA repository interfaces.
2026-05-19T19:53:25.886-05:00  INFO 5620 --- [           main] o.hibernate.jpa.internal.util.LogHelper  : HHH000204: Processing PersistenceUnitInfo [name: default]
2026-05-19T19:53:25.947-05:00  INFO 5620 --- [           main] org.hibernate.Version                    : HHH000412: Hibernate ORM core version 6.6.45.Final
2026-05-19T19:53:25.987-05:00  INFO 5620 --- [           main] o.h.c.internal.RegionFactoryInitiator    : HHH000026: Second-level cache disabled
2026-05-19T19:53:26.370-05:00  INFO 5620 --- [           main] o.s.o.j.p.SpringPersistenceUnitInfo      : No LoadTimeWeaver setup: ignoring JPA class transformer
2026-05-19T19:53:26.411-05:00  INFO 5620 --- [           main] com.zaxxer.hikari.HikariDataSource       : HikariPool-1 - Starting...
2026-05-19T19:53:26.615-05:00  INFO 5620 --- [           main] com.zaxxer.hikari.pool.HikariPool        : HikariPool-1 - Added connection conn0: url=jdbc:h2:mem:db_club user=SA
2026-05-19T19:53:26.617-05:00  INFO 5620 --- [           main] com.zaxxer.hikari.HikariDataSource       : HikariPool-1 - Start completed.
2026-05-19T19:53:26.646-05:00  WARN 5620 --- [           main] org.hibernate.orm.deprecation            : HHH90000025: H2Dialect does not need to be specified explicitly using 'hibernate.dialect' (remove the property setting and it will be selected by default)
2026-05-19T19:53:26.674-05:00  INFO 5620 --- [           main] org.hibernate.orm.connections.pooling    : HHH10001005: Database info:
	Database JDBC URL [Connecting through datasource 'HikariDataSource (HikariPool-1)']
	Database driver: undefined/unknown
	Database version: 2.3.232
	Autocommit mode: undefined/unknown
	Isolation level: undefined/unknown
	Minimum pool size: undefined/unknown
	Maximum pool size: undefined/unknown
2026-05-19T19:53:27.405-05:00  INFO 5620 --- [           main] o.h.e.t.j.p.i.JtaPlatformInitiator       : HHH000489: No JTA platform available (set 'hibernate.transaction.jta.platform' to enable JTA platform integration)
Hibernate: create table clubes (id bigint generated by default as identity, nombre varchar(255), primary key (id))
Hibernate: create table usuarios (id bigint generated by default as identity, email varchar(255), nombre varchar(255), password varchar(255), rol varchar(255), username varchar(255), primary key (id))
2026-05-19T19:53:27.461-05:00  INFO 5620 --- [           main] j.LocalContainerEntityManagerFactoryBean : Initialized JPA EntityManagerFactory for persistence unit 'default'
2026-05-19T19:53:28.062-05:00  WARN 5620 --- [           main] JpaBaseConfiguration$JpaWebConfiguration : spring.jpa.open-in-view is enabled by default. Therefore, database queries may be performed during view rendering. Explicitly configure spring.jpa.open-in-view to disable this warning
2026-05-19T19:53:28.086-05:00  INFO 5620 --- [           main] o.s.b.a.w.s.WelcomePageHandlerMapping    : Adding welcome page template: index
2026-05-19T19:53:28.616-05:00  INFO 5620 --- [           main] o.s.b.a.h2.H2ConsoleAutoConfiguration    : H2 console available at '/h2-console'. Database available at 'jdbc:h2:mem:db_club'
2026-05-19T19:53:28.721-05:00  INFO 5620 --- [           main] .e.p.ParcialProyectoClubApplicationTests : Started ParcialProyectoClubApplicationTests in 4.685 seconds (process running for 5.657)
]]></system-out>
    <system-err><![CDATA[Mockito is currently self-attaching to enable the inline-mock-maker. This will no longer work in future releases of the JDK. Please add Mockito as an agent to your build as described in Mockito's documentation: https://javadoc.io/doc/org.mockito/mockito-core/latest/org.mockito/org/mockito/Mockito.html#0.3
WARNING: A Java agent has been loaded dynamically (C:\Users\LANIX\.m2\repository\net\bytebuddy\byte-buddy-agent\1.17.8\byte-buddy-agent-1.17.8.jar)
WARNING: If a serviceability tool is in use, please run with -XX:+EnableDynamicAgentLoading to hide this warning
WARNING: If a serviceability tool is not in use, please run with -Djdk.instrument.traceUsage for more information
WARNING: Dynamic loading of agents will be disallowed by default in a future release
]]></system-err>
  </testcase>
</testsuite>